[debug] [2026-02-24T02:02:03.646Z] [Firebase Plugin] Activating Firebase extension.
[info] [Firebase Plugin] Checked firebase-tools, is up to date!
[debug] [2026-02-24T02:02:07.939Z] [Firebase Plugin] requireAuthWrapper
[debug] [2026-02-24T02:02:07.945Z] > command requires scopes: ["email","openid","https://www.googleapis.com/auth/cloudplatformprojects.readonly","https://www.googleapis.com/auth/firebase","https://www.googleapis.com/auth/cloud-platform"]
[debug] [2026-02-24T02:02:07.946Z] > authorizing via signed-in user (aprendizsenancs@gmail.com)
[debug] [2026-02-24T02:02:07.953Z] Checked if tokens are valid: true, expires at: 1771902105911
[debug] [2026-02-24T02:02:07.953Z] Checked if tokens are valid: true, expires at: 1771902105911
[debug] [2026-02-24T02:02:07.954Z] [Firebase Plugin] User found:  aprendizsenancs@gmail.com
[info] [Firebase Plugin] (Core:Project) New user detected, fetching projects
[debug] [2026-02-24T02:02:07.957Z] Checked if tokens are valid: true, expires at: 1771902105911
[debug] [2026-02-24T02:02:07.960Z] >>> [apiv2][query] GET https://firebase.googleapis.com/v1beta1/projects pageSize=1000
[info] [Firebase Plugin] Starting Data Connect toolkit (version 3.1.1) on port 50001
[debug] [2026-02-24T02:02:09.002Z] 'fdc build' failed with error: Unable to build your Data Connect schema and connectors (exit code 1): E0223 21:02:08.967406    3236 cmd.go:43] Error loading data connect config: could not find dataconnect.yaml in `c:\xampp\htdocs\Control_Rutas\dataconnect`
 {"metadata":{"emulator":{"name":"dataconnect"},"message":"'fdc build' failed with error: Unable to build your Data Connect schema and connectors (exit code 1): E0223 21:02:08.967406    3236 cmd.go:43] Error loading data connect config: could not find dataconnect.yaml in `c:\\xampp\\htdocs\\Control_Rutas\\dataconnect`\n"}}
[debug] [2026-02-24T02:02:09.004Z] Ignoring unsupported arg: auto_download {"metadata":{"emulator":{"name":"dataconnect"},"message":"Ignoring unsupported arg: auto_download"}}
[debug] [2026-02-24T02:02:09.004Z] Ignoring unsupported arg: port {"metadata":{"emulator":{"name":"dataconnect"},"message":"Ignoring unsupported arg: port"}}
[debug] [2026-02-24T02:02:09.005Z] Starting Data Connect Emulator with command {"binary":"C:\\Users\\juand\\.cache\\firebase\\emulators\\dataconnect-emulator-3.1.1.exe","args":["--logtostderr","-v=2","dev","--listen=localhost:50001","--config_dir=c:\\xampp\\htdocs\\Control_Rutas\\dataconnect","--enable_output_schema_extensions=true","--enable_output_generated_sdk=true"],"optionalArgs":["listen","config_dir","enable_output_schema_extensions","enable_output_generated_sdk"],"joinArgs":true,"shell":false,"port":9399} {"metadata":{"emulator":{"name":"dataconnect"},"message":"Starting Data Connect Emulator with command {\"binary\":\"C:\\\\Users\\\\juand\\\\.cache\\\\firebase\\\\emulators\\\\dataconnect-emulator-3.1.1.exe\",\"args\":[\"--logtostderr\",\"-v=2\",\"dev\",\"--listen=localhost:50001\",\"--config_dir=c:\\\\xampp\\\\htdocs\\\\Control_Rutas\\\\dataconnect\",\"--enable_output_schema_extensions=true\",\"--enable_output_generated_sdk=true\"],\"optionalArgs\":[\"listen\",\"config_dir\",\"enable_output_schema_extensions\",\"enable_output_generated_sdk\"],\"joinArgs\":true,\"shell\":false,\"port\":9399}"}}
[info] i  dataconnect: Data Connect Emulator logging to dataconnect-debug.log {"metadata":{"emulator":{"name":"dataconnect"},"message":"Data Connect Emulator logging to \u001b[1mdataconnect-debug.log\u001b[22m"}}
[debug] [2026-02-24T02:02:09.133Z] E0223 21:02:09.052753    3356 dev.go:83] Failed to load initial config from "c:\\xampp\\htdocs\\Control_Rutas\\dataconnect": could not find dataconnect.yaml in `c:\xampp\htdocs\Control_Rutas\dataconnect`
 {"metadata":{"emulator":{"name":"dataconnect"},"message":"E0223 21:02:09.052753    3356 dev.go:83] Failed to load initial config from \"c:\\\\xampp\\\\htdocs\\\\Control_Rutas\\\\dataconnect\": could not find dataconnect.yaml in `c:\\xampp\\htdocs\\Control_Rutas\\dataconnect`\n"}}
[debug] [2026-02-24T02:02:09.134Z] E0223 21:02:09.133095    3356 watch.go:116] watchAllDir unable to walk dir `c:\xampp\htdocs\Control_Rutas\dataconnect`: CreateFile c:\xampp\htdocs\Control_Rutas\dataconnect: The system cannot find the file specified.
 {"metadata":{"emulator":{"name":"dataconnect"},"message":"E0223 21:02:09.133095    3356 watch.go:116] watchAllDir unable to walk dir `c:\\xampp\\htdocs\\Control_Rutas\\dataconnect`: CreateFile c:\\xampp\\htdocs\\Control_Rutas\\dataconnect: The system cannot find the file specified.\n"}}
[debug] [2026-02-24T02:02:09.154Z] I0223 21:02:09.152347    3356 dev.go:104] Listening on address (HTTP + gRPC): 127.0.0.1:50001
 {"metadata":{"emulator":{"name":"dataconnect"},"message":"I0223 21:02:09.152347    3356 dev.go:104] Listening on address (HTTP + gRPC): 127.0.0.1:50001\n"}}
[error] [Firebase Plugin] error:  {}
[debug] [2026-02-24T02:02:09.440Z] <<< [apiv2][status] GET https://firebase.googleapis.com/v1beta1/projects 200
[debug] [2026-02-24T02:02:09.441Z] <<< [apiv2][body] GET https://firebase.googleapis.com/v1beta1/projects [omitted]
[debug] [2026-02-24T02:02:19.137Z] E0223 21:02:19.133709    3356 watch.go:40] Failed to load config from "c:\\xampp\\htdocs\\Control_Rutas\\dataconnect": could not find dataconnect.yaml in `c:\xampp\htdocs\Control_Rutas\dataconnect`
 {"metadata":{"emulator":{"name":"dataconnect"},"message":"E0223 21:02:19.133709    3356 watch.go:40] Failed to load config from \"c:\\\\xampp\\\\htdocs\\\\Control_Rutas\\\\dataconnect\": could not find dataconnect.yaml in `c:\\xampp\\htdocs\\Control_Rutas\\dataconnect`\n"}}
[debug] [2026-02-24T02:02:29.135Z] E0223 21:02:29.133019    3356 watch.go:40] Failed to load config from "c:\\xampp\\htdocs\\Control_Rutas\\dataconnect": could not find dataconnect.yaml in `c:\xampp\htdocs\Control_Rutas\dataconnect`
 {"metadata":{"emulator":{"name":"dataconnect"},"message":"E0223 21:02:29.133019    3356 watch.go:40] Failed to load config from \"c:\\\\xampp\\\\htdocs\\\\Control_Rutas\\\\dataconnect\": could not find dataconnect.yaml in `c:\\xampp\\htdocs\\Control_Rutas\\dataconnect`\n"}}
[debug] [2026-02-24T02:02:39.135Z] E0223 21:02:39.132130    3356 watch.go:40] Failed to load config from "c:\\xampp\\htdocs\\Control_Rutas\\dataconnect": could not find dataconnect.yaml in `c:\xampp\htdocs\Control_Rutas\dataconnect`
 {"metadata":{"emulator":{"name":"dataconnect"},"message":"E0223 21:02:39.132130    3356 watch.go:40] Failed to load config from \"c:\\\\xampp\\\\htdocs\\\\Control_Rutas\\\\dataconnect\": could not find dataconnect.yaml in `c:\\xampp\\htdocs\\Control_Rutas\\dataconnect`\n"}}
[debug] [2026-02-24T02:02:49.137Z] E0223 21:02:49.130387    3356 watch.go:40] Failed to load config from "c:\\xampp\\htdocs\\Control_Rutas\\dataconnect": could not find dataconnect.yaml in `c:\xampp\htdocs\Control_Rutas\dataconnect`
 {"metadata":{"emulator":{"name":"dataconnect"},"message":"E0223 21:02:49.130387    3356 watch.go:40] Failed to load config from \"c:\\\\xampp\\\\htdocs\\\\Control_Rutas\\\\dataconnect\": could not find dataconnect.yaml in `c:\\xampp\\htdocs\\Control_Rutas\\dataconnect`\n"}}
[debug] [2026-02-24T02:02:59.131Z] E0223 21:02:59.131345    3356 watch.go:40] Failed to load config from "c:\\xampp\\htdocs\\Control_Rutas\\dataconnect": could not find dataconnect.yaml in `c:\xampp\htdocs\Control_Rutas\dataconnect`
 {"metadata":{"emulator":{"name":"dataconnect"},"message":"E0223 21:02:59.131345    3356 watch.go:40] Failed to load config from \"c:\\\\xampp\\\\htdocs\\\\Control_Rutas\\\\dataconnect\": could not find dataconnect.yaml in `c:\\xampp\\htdocs\\Control_Rutas\\dataconnect`\n"}}
[debug] [2026-02-24T02:03:09.129Z] E0223 21:03:09.129467    3356 watch.go:116] watchAllDir unable to walk dir `c:\xampp\htdocs\Control_Rutas\dataconnect`: CreateFile c:\xampp\htdocs\Control_Rutas\dataconnect: The system cannot find the file specified.
 {"metadata":{"emulator":{"name":"dataconnect"},"message":"E0223 21:03:09.129467    3356 watch.go:116] watchAllDir unable to walk dir `c:\\xampp\\htdocs\\Control_Rutas\\dataconnect`: CreateFile c:\\xampp\\htdocs\\Control_Rutas\\dataconnect: The system cannot find the file specified.\n"}}
[debug] [2026-02-24T02:03:09.130Z] E0223 21:03:09.129467    3356 watch.go:40] Failed to load config from "c:\\xampp\\htdocs\\Control_Rutas\\dataconnect": could not find dataconnect.yaml in `c:\xampp\htdocs\Control_Rutas\dataconnect`
 {"metadata":{"emulator":{"name":"dataconnect"},"message":"E0223 21:03:09.129467    3356 watch.go:40] Failed to load config from \"c:\\\\xampp\\\\htdocs\\\\Control_Rutas\\\\dataconnect\": could not find dataconnect.yaml in `c:\\xampp\\htdocs\\Control_Rutas\\dataconnect`\n"}}
[debug] [2026-02-24T02:03:19.131Z] E0223 21:03:19.129870    3356 watch.go:40] Failed to load config from "c:\\xampp\\htdocs\\Control_Rutas\\dataconnect": could not find dataconnect.yaml in `c:\xampp\htdocs\Control_Rutas\dataconnect`
 {"metadata":{"emulator":{"name":"dataconnect"},"message":"E0223 21:03:19.129870    3356 watch.go:40] Failed to load config from \"c:\\\\xampp\\\\htdocs\\\\Control_Rutas\\\\dataconnect\": could not find dataconnect.yaml in `c:\\xampp\\htdocs\\Control_Rutas\\dataconnect`\n"}}
[debug] [2026-02-24T02:03:29.130Z] E0223 21:03:29.127643    3356 watch.go:40] Failed to load config from "c:\\xampp\\htdocs\\Control_Rutas\\dataconnect": could not find dataconnect.yaml in `c:\xampp\htdocs\Control_Rutas\dataconnect`
 {"metadata":{"emulator":{"name":"dataconnect"},"message":"E0223 21:03:29.127643    3356 watch.go:40] Failed to load config from \"c:\\\\xampp\\\\htdocs\\\\Control_Rutas\\\\dataconnect\": could not find dataconnect.yaml in `c:\\xampp\\htdocs\\Control_Rutas\\dataconnect`\n"}}
[debug] [2026-02-24T02:03:39.130Z] E0223 21:03:39.126991    3356 watch.go:40] Failed to load config from "c:\\xampp\\htdocs\\Control_Rutas\\dataconnect": could not find dataconnect.yaml in `c:\xampp\htdocs\Control_Rutas\dataconnect`
 {"metadata":{"emulator":{"name":"dataconnect"},"message":"E0223 21:03:39.126991    3356 watch.go:40] Failed to load config from \"c:\\\\xampp\\\\htdocs\\\\Control_Rutas\\\\dataconnect\": could not find dataconnect.yaml in `c:\\xampp\\htdocs\\Control_Rutas\\dataconnect`\n"}}
[debug] [2026-02-24T02:03:49.126Z] E0223 21:03:49.125875    3356 watch.go:40] Failed to load config from "c:\\xampp\\htdocs\\Control_Rutas\\dataconnect": could not find dataconnect.yaml in `c:\xampp\htdocs\Control_Rutas\dataconnect`
 {"metadata":{"emulator":{"name":"dataconnect"},"message":"E0223 21:03:49.125875    3356 watch.go:40] Failed to load config from \"c:\\\\xampp\\\\htdocs\\\\Control_Rutas\\\\dataconnect\": could not find dataconnect.yaml in `c:\\xampp\\htdocs\\Control_Rutas\\dataconnect`\n"}}
[debug] [2026-02-24T02:03:59.126Z] E0223 21:03:59.125181    3356 watch.go:40] Failed to load config from "c:\\xampp\\htdocs\\Control_Rutas\\dataconnect": could not find dataconnect.yaml in `c:\xampp\htdocs\Control_Rutas\dataconnect`
 {"metadata":{"emulator":{"name":"dataconnect"},"message":"E0223 21:03:59.125181    3356 watch.go:40] Failed to load config from \"c:\\\\xampp\\\\htdocs\\\\Control_Rutas\\\\dataconnect\": could not find dataconnect.yaml in `c:\\xampp\\htdocs\\Control_Rutas\\dataconnect`\n"}}
[debug] [2026-02-24T02:04:09.127Z] E0223 21:04:09.125046    3356 watch.go:116] watchAllDir unable to walk dir `c:\xampp\htdocs\Control_Rutas\dataconnect`: CreateFile c:\xampp\htdocs\Control_Rutas\dataconnect: The system cannot find the file specified.
 {"metadata":{"emulator":{"name":"dataconnect"},"message":"E0223 21:04:09.125046    3356 watch.go:116] watchAllDir unable to walk dir `c:\\xampp\\htdocs\\Control_Rutas\\dataconnect`: CreateFile c:\\xampp\\htdocs\\Control_Rutas\\dataconnect: The system cannot find the file specified.\n"}}
[debug] [2026-02-24T02:04:09.128Z] E0223 21:04:09.125672    3356 watch.go:40] Failed to load config from "c:\\xampp\\htdocs\\Control_Rutas\\dataconnect": could not find dataconnect.yaml in `c:\xampp\htdocs\Control_Rutas\dataconnect`
 {"metadata":{"emulator":{"name":"dataconnect"},"message":"E0223 21:04:09.125672    3356 watch.go:40] Failed to load config from \"c:\\\\xampp\\\\htdocs\\\\Control_Rutas\\\\dataconnect\": could not find dataconnect.yaml in `c:\\xampp\\htdocs\\Control_Rutas\\dataconnect`\n"}}
[debug] [2026-02-24T02:04:19.127Z] E0223 21:04:19.123731    3356 watch.go:40] Failed to load config from "c:\\xampp\\htdocs\\Control_Rutas\\dataconnect": could not find dataconnect.yaml in `c:\xampp\htdocs\Control_Rutas\dataconnect`
 {"metadata":{"emulator":{"name":"dataconnect"},"message":"E0223 21:04:19.123731    3356 watch.go:40] Failed to load config from \"c:\\\\xampp\\\\htdocs\\\\Control_Rutas\\\\dataconnect\": could not find dataconnect.yaml in `c:\\xampp\\htdocs\\Control_Rutas\\dataconnect`\n"}}
[debug] [2026-02-24T02:04:29.127Z] E0223 21:04:29.123357    3356 watch.go:40] Failed to load config from "c:\\xampp\\htdocs\\Control_Rutas\\dataconnect": could not find dataconnect.yaml in `c:\xampp\htdocs\Control_Rutas\dataconnect`
 {"metadata":{"emulator":{"name":"dataconnect"},"message":"E0223 21:04:29.123357    3356 watch.go:40] Failed to load config from \"c:\\\\xampp\\\\htdocs\\\\Control_Rutas\\\\dataconnect\": could not find dataconnect.yaml in `c:\\xampp\\htdocs\\Control_Rutas\\dataconnect`\n"}}
[debug] [2026-02-24T02:04:39.127Z] E0223 21:04:39.123228    3356 watch.go:40] Failed to load config from "c:\\xampp\\htdocs\\Control_Rutas\\dataconnect": could not find dataconnect.yaml in `c:\xampp\htdocs\Control_Rutas\dataconnect`
 {"metadata":{"emulator":{"name":"dataconnect"},"message":"E0223 21:04:39.123228    3356 watch.go:40] Failed to load config from \"c:\\\\xampp\\\\htdocs\\\\Control_Rutas\\\\dataconnect\": could not find dataconnect.yaml in `c:\\xampp\\htdocs\\Control_Rutas\\dataconnect`\n"}}
[debug] [2026-02-24T02:04:49.122Z] E0223 21:04:49.122231    3356 watch.go:40] Failed to load config from "c:\\xampp\\htdocs\\Control_Rutas\\dataconnect": could not find dataconnect.yaml in `c:\xampp\htdocs\Control_Rutas\dataconnect`
 {"metadata":{"emulator":{"name":"dataconnect"},"message":"E0223 21:04:49.122231    3356 watch.go:40] Failed to load config from \"c:\\\\xampp\\\\htdocs\\\\Control_Rutas\\\\dataconnect\": could not find dataconnect.yaml in `c:\\xampp\\htdocs\\Control_Rutas\\dataconnect`\n"}}
[debug] [2026-02-24T02:04:59.122Z] E0223 21:04:59.121777    3356 watch.go:40] Failed to load config from "c:\\xampp\\htdocs\\Control_Rutas\\dataconnect": could not find dataconnect.yaml in `c:\xampp\htdocs\Control_Rutas\dataconnect`
 {"metadata":{"emulator":{"name":"dataconnect"},"message":"E0223 21:04:59.121777    3356 watch.go:40] Failed to load config from \"c:\\\\xampp\\\\htdocs\\\\Control_Rutas\\\\dataconnect\": could not find dataconnect.yaml in `c:\\xampp\\htdocs\\Control_Rutas\\dataconnect`\n"}}
[debug] [2026-02-24T02:05:09.122Z] E0223 21:05:09.119995    3356 watch.go:116] watchAllDir unable to walk dir `c:\xampp\htdocs\Control_Rutas\dataconnect`: CreateFile c:\xampp\htdocs\Control_Rutas\dataconnect: The system cannot find the file specified.
 {"metadata":{"emulator":{"name":"dataconnect"},"message":"E0223 21:05:09.119995    3356 watch.go:116] watchAllDir unable to walk dir `c:\\xampp\\htdocs\\Control_Rutas\\dataconnect`: CreateFile c:\\xampp\\htdocs\\Control_Rutas\\dataconnect: The system cannot find the file specified.\n"}}
[debug] [2026-02-24T02:05:09.123Z] E0223 21:05:09.120584    3356 watch.go:40] Failed to load config from "c:\\xampp\\htdocs\\Control_Rutas\\dataconnect": could not find dataconnect.yaml in `c:\xampp\htdocs\Control_Rutas\dataconnect`
 {"metadata":{"emulator":{"name":"dataconnect"},"message":"E0223 21:05:09.120584    3356 watch.go:40] Failed to load config from \"c:\\\\xampp\\\\htdocs\\\\Control_Rutas\\\\dataconnect\": could not find dataconnect.yaml in `c:\\xampp\\htdocs\\Control_Rutas\\dataconnect`\n"}}
[debug] [2026-02-24T02:05:19.122Z] E0223 21:05:19.119417    3356 watch.go:40] Failed to load config from "c:\\xampp\\htdocs\\Control_Rutas\\dataconnect": could not find dataconnect.yaml in `c:\xampp\htdocs\Control_Rutas\dataconnect`
 {"metadata":{"emulator":{"name":"dataconnect"},"message":"E0223 21:05:19.119417    3356 watch.go:40] Failed to load config from \"c:\\\\xampp\\\\htdocs\\\\Control_Rutas\\\\dataconnect\": could not find dataconnect.yaml in `c:\\xampp\\htdocs\\Control_Rutas\\dataconnect`\n"}}
[debug] [2026-02-24T02:05:29.122Z] E0223 21:05:29.118754    3356 watch.go:40] Failed to load config from "c:\\xampp\\htdocs\\Control_Rutas\\dataconnect": could not find dataconnect.yaml in `c:\xampp\htdocs\Control_Rutas\dataconnect`
 {"metadata":{"emulator":{"name":"dataconnect"},"message":"E0223 21:05:29.118754    3356 watch.go:40] Failed to load config from \"c:\\\\xampp\\\\htdocs\\\\Control_Rutas\\\\dataconnect\": could not find dataconnect.yaml in `c:\\xampp\\htdocs\\Control_Rutas\\dataconnect`\n"}}
[debug] [2026-02-24T02:05:39.121Z] E0223 21:05:39.117706    3356 watch.go:40] Failed to load config from "c:\\xampp\\htdocs\\Control_Rutas\\dataconnect": could not find dataconnect.yaml in `c:\xampp\htdocs\Control_Rutas\dataconnect`
 {"metadata":{"emulator":{"name":"dataconnect"},"message":"E0223 21:05:39.117706    3356 watch.go:40] Failed to load config from \"c:\\\\xampp\\\\htdocs\\\\Control_Rutas\\\\dataconnect\": could not find dataconnect.yaml in `c:\\xampp\\htdocs\\Control_Rutas\\dataconnect`\n"}}
